# JRE version: OpenJDK Runtime Environment (8.0_112-b06) (build 1.8.0_112-release-b06)
# Java VM: OpenJDK 64-Bit Server VM (25.112-b06 mixed mode windows-amd64 compressed oops)
Heap:
 PSYoungGen      total 166400K, used 73002K [0x00000000eab00000, 0x0000000100000000, 0x0000000100000000)
  eden space 116736K, 20% used [0x00000000eab00000,0x00000000ec1d0ed0,0x00000000f1d00000)
  from space 49664K, 99% used [0x00000000fcf80000,0x00000000ffff9bf0,0x0000000100000000)
  to   space 116224K, 0% used [0x00000000f1d00000,0x00000000f1d00000,0x00000000f8e80000)
 ParOldGen       total 699392K, used 297182K [0x00000000c0000000, 0x00000000eab00000, 0x00000000eab00000)
  object space 699392K, 42% used [0x00000000c0000000,0x00000000d2237990,0x00000000eab00000)
 Metaspace       used 6575K, capacity 7280K, committed 7552K, reserved 1056768K
  class space    used 597K, capacity 616K, committed 640K, reserved 1048576K
GC Heap History (10 events):
Event: 76.732 GC heap before
{Heap before GC invocations=140 (full 133):
 PSYoungGen      total 287744K, used 258559K [0x00000000eab00000, 0x0000000100000000, 0x0000000100000000)
  eden space 258560K, 99% used [0x00000000eab00000,0x00000000fa77fff8,0x00000000fa780000)
  from space 29184K, 0% used [0x00000000fa780000,0x00000000fa780000,0x00000000fc400000)
  to   space 49664K, 0% used [0x00000000fcf80000,0x00000000fcf80000,0x0000000100000000)
 ParOldGen       total 86016K, used 85800K [0x00000000c0000000, 0x00000000c5400000, 0x00000000eab00000)
  object space 86016K, 99% used [0x00000000c0000000,0x00000000c53ca3c8,0x00000000c5400000)
 Metaspace       used 6575K, capacity 7280K, committed 7552K, reserved 1056768K
  class space    used 597K, capacity 616K, committed 640K, reserved 1048576K
Event: 77.102 GC heap after
Heap after GC invocations=140 (full 133):
 PSYoungGen      total 287744K, used 258559K [0x00000000eab00000, 0x0000000100000000, 0x0000000100000000)
  eden space 258560K, 99% used [0x00000000eab00000,0x00000000fa77fff8,0x00000000fa780000)
  from space 29184K, 0% used [0x00000000fa780000,0x00000000fa780000,0x00000000fc400000)
  to   space 49664K, 0% used [0x00000000fcf80000,0x00000000fcf80000,0x0000000100000000)
 ParOldGen       total 86016K, used 85800K [0x00000000c0000000, 0x00000000c5400000, 0x00000000eab00000)
  object space 86016K, 99% used [0x00000000c0000000,0x00000000c53ca3c8,0x00000000c5400000)
 Metaspace       used 6575K, capacity 7280K, committed 7552K, reserved 1056768K
  class space    used 597K, capacity 616K, committed 640K, reserved 1048576K
}
Event: 77.102 GC heap before
{Heap before GC invocations=141 (full 134):
 PSYoungGen      total 287744K, used 258559K [0x00000000eab00000, 0x0000000100000000, 0x0000000100000000)
  eden space 258560K, 99% used [0x00000000eab00000,0x00000000fa77fff8,0x00000000fa780000)
  from space 29184K, 0% used [0x00000000fa780000,0x00000000fa780000,0x00000000fc400000)
  to   space 49664K, 0% used [0x00000000fcf80000,0x00000000fcf80000,0x0000000100000000)
 ParOldGen       total 86016K, used 85803K [0x00000000c0000000, 0x00000000c5400000, 0x00000000eab00000)
  object space 86016K, 99% used [0x00000000c0000000,0x00000000c53cac48,0x00000000c5400000)
 Metaspace       used 6575K, capacity 7280K, committed 7552K, reserved 1056768K
  class space    used 597K, capacity 616K, committed 640K, reserved 1048576K
Event: 77.473 GC heap after
Heap after GC invocations=141 (full 134):
 PSYoungGen      total 287744K, used 258559K [0x00000000eab00000, 0x0000000100000000, 0x0000000100000000)
  eden space 258560K, 99% used [0x00000000eab00000,0x00000000fa77fff8,0x00000000fa780000)
  from space 29184K, 0% used [0x00000000fa780000,0x00000000fa780000,0x00000000fc400000)
  to   space 49664K, 0% used [0x00000000fcf80000,0x00000000fcf80000,0x0000000100000000)
 ParOldGen       total 86016K, used 85802K [0x00000000c0000000, 0x00000000c5400000, 0x00000000eab00000)
  object space 86016K, 99% used [0x00000000c0000000,0x00000000c53caaf8,0x00000000c5400000)
 Metaspace       used 6575K, capacity 7280K, committed 7552K, reserved 1056768K
  class space    used 597K, capacity 616K, committed 640K, reserved 1048576K
}
Event: 77.473 GC heap before
{Heap before GC invocations=142 (full 135):
 PSYoungGen      total 287744K, used 258559K [0x00000000eab00000, 0x0000000100000000, 0x0000000100000000)
  eden space 258560K, 99% used [0x00000000eab00000,0x00000000fa77fff8,0x00000000fa780000)
  from space 29184K, 0% used [0x00000000fa780000,0x00000000fa780000,0x00000000fc400000)
  to   space 49664K, 0% used [0x00000000fcf80000,0x00000000fcf80000,0x0000000100000000)
 ParOldGen       total 86016K, used 85805K [0x00000000c0000000, 0x00000000c5400000, 0x00000000eab00000)
  object space 86016K, 99% used [0x00000000c0000000,0x00000000c53cb4c8,0x00000000c5400000)
 Metaspace       used 6575K, capacity 7280K, committed 7552K, reserved 1056768K
  class space    used 597K, capacity 616K, committed 640K, reserved 1048576K
Event: 77.853 GC heap after
Heap after GC invocations=142 (full 135):
 PSYoungGen      total 287744K, used 258559K [0x00000000eab00000, 0x0000000100000000, 0x0000000100000000)
  eden space 258560K, 99% used [0x00000000eab00000,0x00000000fa77fff8,0x00000000fa780000)
  from space 29184K, 0% used [0x00000000fa780000,0x00000000fa780000,0x00000000fc400000)
  to   space 49664K, 0% used [0x00000000fcf80000,0x00000000fcf80000,0x0000000100000000)
 ParOldGen       total 86016K, used 85805K [0x00000000c0000000, 0x00000000c5400000, 0x00000000eab00000)
  object space 86016K, 99% used [0x00000000c0000000,0x00000000c53cb4c8,0x00000000c5400000)
 Metaspace       used 6575K, capacity 7280K, committed 7552K, reserved 1056768K
  class space    used 597K, capacity 616K, committed 640K, reserved 1048576K
}
Event: 77.853 GC heap before
{Heap before GC invocations=143 (full 136):
 PSYoungGen      total 287744K, used 258559K [0x00000000eab00000, 0x0000000100000000, 0x0000000100000000)
  eden space 258560K, 99% used [0x00000000eab00000,0x00000000fa77fff8,0x00000000fa780000)
  from space 29184K, 0% used [0x00000000fa780000,0x00000000fa780000,0x00000000fc400000)
  to   space 49664K, 0% used [0x00000000fcf80000,0x00000000fcf80000,0x0000000100000000)
 ParOldGen       total 86016K, used 85807K [0x00000000c0000000, 0x00000000c5400000, 0x00000000eab00000)
  object space 86016K, 99% used [0x00000000c0000000,0x00000000c53cbdd8,0x00000000c5400000)
 Metaspace       used 6575K, capacity 7280K, committed 7552K, reserved 1056768K
  class space    used 597K, capacity 616K, committed 640K, reserved 1048576K
Event: 78.256 GC heap after
Heap after GC invocations=143 (full 136):
 PSYoungGen      total 287744K, used 258559K [0x00000000eab00000, 0x0000000100000000, 0x0000000100000000)
  eden space 258560K, 99% used [0x00000000eab00000,0x00000000fa77ff48,0x00000000fa780000)
  from space 29184K, 0% used [0x00000000fa780000,0x00000000fa780000,0x00000000fc400000)
  to   space 49664K, 0% used [0x00000000fcf80000,0x00000000fcf80000,0x0000000100000000)
 ParOldGen       total 699392K, used 85807K [0x00000000c0000000, 0x00000000eab00000, 0x00000000eab00000)
  object space 699392K, 12% used [0x00000000c0000000,0x00000000c53cbcf8,0x00000000eab00000)
 Metaspace       used 6575K, capacity 7280K, committed 7552K, reserved 1056768K
  class space    used 597K, capacity 616K, committed 640K, reserved 1048576K
}
Event: 78.256 GC heap before
{Heap before GC invocations=144 (full 136):
 PSYoungGen      total 287744K, used 258560K [0x00000000eab00000, 0x0000000100000000, 0x0000000100000000)
  eden space 258560K, 100% used [0x00000000eab00000,0x00000000fa780000,0x00000000fa780000)
  from space 29184K, 0% used [0x00000000fa780000,0x00000000fa780000,0x00000000fc400000)
  to   space 49664K, 0% used [0x00000000fcf80000,0x00000000fcf80000,0x0000000100000000)
 ParOldGen       total 699392K, used 85807K [0x00000000c0000000, 0x00000000eab00000, 0x00000000eab00000)
  object space 699392K, 12% used [0x00000000c0000000,0x00000000c53cbcf8,0x00000000eab00000)
 Metaspace       used 6575K, capacity 7280K, committed 7552K, reserved 1056768K
  class space    used 597K, capacity 616K, committed 640K, reserved 1048576K
Event: 78.509 GC heap after
Heap after GC invocations=144 (full 136):
 PSYoungGen      total 166400K, used 49638K [0x00000000eab00000, 0x0000000100000000, 0x0000000100000000)
  eden space 116736K, 0% used [0x00000000eab00000,0x00000000eab00000,0x00000000f1d00000)
  from space 49664K, 99% used [0x00000000fcf80000,0x00000000ffff9bf0,0x0000000100000000)
  to   space 116224K, 0% used [0x00000000f1d00000,0x00000000f1d00000,0x00000000f8e80000)
 ParOldGen       total 699392K, used 297182K [0x00000000c0000000, 0x00000000eab00000, 0x00000000eab00000)
  object space 699392K, 42% used [0x00000000c0000000,0x00000000d2237990,0x00000000eab00000)
 Metaspace       used 6575K, capacity 7280K, committed 7552K, reserved 1056768K
  class space    used 597K, capacity 616K, committed 640K, reserved 1048576K
}

